Using pre-set license

 COMMAND LINE ARGUMENTS:
/Applications/Unity/Hub/Editor/2020.3.6f1/Unity.app/Contents/MacOS/Unity
-adb2
-batchMode
-noUpm
-name
AssetImportWorker0
-projectPath
/Users/gabejacobs/Desktop/UNITY PROJECTS LEARNING/NYU-ASSIGNMENTS/Week 5/IDESetup
-logFile
Logs/AssetImportWorker0.log
-srvPort
51771
Successfully changed project path to: /Users/gabejacobs/Desktop/UNITY PROJECTS LEARNING/NYU-ASSIGNMENTS/Week 5/IDESetup
/Users/gabejacobs/Desktop/UNITY PROJECTS LEARNING/NYU-ASSIGNMENTS/Week 5/IDESetup
Using Asset Import Pipeline V2.
Refreshing native plugins compatible for Editor in 20.88 ms, found 1 plugins.
Preloading 0 native plugins for Editor in 0.00 ms.
Initialize engine version: 2020.3.6f1 (338bb68529b2)
[Subsystems] Discovering subsystems at path /Applications/Unity/Hub/Editor/2020.3.6f1/Unity.app/Contents/Resources/UnitySubsystems
[Subsystems] Discovering subsystems at path /Users/gabejacobs/Desktop/UNITY PROJECTS LEARNING/NYU-ASSIGNMENTS/Week 5/IDESetup/Assets
GfxDevice: creating device client; threaded=0
2021-05-19 12:52:39.459 Unity[17515:799762] iMac preferred device: AMD Radeon Pro Vega 56 (high power)
2021-05-19 12:52:39.459 Unity[17515:799762] Metal devices available: 1
2021-05-19 12:52:39.459 Unity[17515:799762] 0: AMD Radeon Pro Vega 56 (high power)
2021-05-19 12:52:39.460 Unity[17515:799762] Using device AMD Radeon Pro Vega 56 (high power)
Initializing Metal device caps: AMD Radeon Pro Vega 56
Initialize mono
Mono path[0] = '/Applications/Unity/Hub/Editor/2020.3.6f1/Unity.app/Contents/Managed'
Mono path[1] = '/Applications/Unity/Hub/Editor/2020.3.6f1/Unity.app/Contents/MonoBleedingEdge/lib/mono/unityjit'
Mono config path = '/Applications/Unity/Hub/Editor/2020.3.6f1/Unity.app/Contents/MonoBleedingEdge/etc'
Using monoOptions --debugger-agent=transport=dt_socket,embedding=1,server=y,suspend=n,address=127.0.0.1:56515
Begin MonoManager ReloadAssembly
Registering precompiled unity dll's ...
Register platform support module: /Applications/Unity/Hub/Editor/2020.3.6f1/Unity.app/Contents/PlaybackEngines/MacStandaloneSupport/UnityEditor.OSXStandalone.Extensions.dll
Register platform support module: /Applications/Unity/Hub/Editor/2020.3.6f1/PlaybackEngines/WindowsStandaloneSupport/UnityEditor.WindowsStandalone.Extensions.dll
Registered in 0.000700 seconds.
Native extension for WindowsStandalone target not found
Native extension for OSXStandalone target not found
Refreshing native plugins compatible for Editor in 21.79 ms, found 1 plugins.
Preloading 0 native plugins for Editor in 0.00 ms.
Mono: successfully reloaded assembly
- Completed reload, in  3.131 seconds
Platform modules already initialized, skipping
Registering precompiled user dll's ...
Registered in 0.000411 seconds.
Begin MonoManager ReloadAssembly
Native extension for WindowsStandalone target not found
Native extension for OSXStandalone target not found
Refreshing native plugins compatible for Editor in 0.24 ms, found 1 plugins.
Preloading 0 native plugins for Editor in 0.00 ms.
Mono: successfully reloaded assembly
- Completed reload, in  0.979 seconds
Platform modules already initialized, skipping
========================================================================
Worker process is ready to serve import requests
Launching external process: /Applications/Unity/Hub/Editor/2020.3.6f1/Unity.app/Contents/Tools/UnityShaderCompiler
Launched and connected shader compiler UnityShaderCompiler after 0.01 seconds
Refreshing native plugins compatible for Editor in 0.23 ms, found 1 plugins.
Preloading 0 native plugins for Editor in 0.00 ms.
Unloading 1128 Unused Serialized files (Serialized files now loaded: 0)
System memory in use before: 119.1 MB.
System memory in use after: 119.1 MB.

Unloading 10 unused Assets to reduce memory usage. Loaded Objects now: 1576.
Total: 2.465548 ms (FindLiveObjects: 0.185175 ms CreateObjectMapping: 0.027944 ms MarkObjects: 2.156829 ms  DeleteObjects: 0.093779 ms)

========================================================================
Received Import Request.
  path: Assets/Scripts/Bonus.cs
  artifactKey: Guid(9076a21902c174f5abef66d8223df764) Importer(815301076,1909f56bfc062723c751e8b465ee728b)
Start importing Assets/Scripts/Bonus.cs using Guid(9076a21902c174f5abef66d8223df764) Importer(815301076,1909f56bfc062723c751e8b465ee728b)  -> (artifact id: 'f31d2fddb8b117255812cf021ee4bb07') in 0.326023 seconds
  Import took 0.328762 seconds .

========================================================================
Received Import Request.
  Time since last request: 0.000279 seconds.
  path: Assets/Scripts/PlayerAttacher.cs
  artifactKey: Guid(f1e7c47dc728e7b4e9f255bdcdc003d5) Importer(815301076,1909f56bfc062723c751e8b465ee728b)
Start importing Assets/Scripts/PlayerAttacher.cs using Guid(f1e7c47dc728e7b4e9f255bdcdc003d5) Importer(815301076,1909f56bfc062723c751e8b465ee728b)  -> (artifact id: '20afb699492d377c62f6065c3c290ac4') in 0.006743 seconds
  Import took 0.009175 seconds .

========================================================================
Received Import Request.
  Time since last request: 0.000255 seconds.
  path: Assets/Scripts/PlayerManager.cs
  artifactKey: Guid(b81f663839ba04a42a167c9cf066363d) Importer(815301076,1909f56bfc062723c751e8b465ee728b)
Start importing Assets/Scripts/PlayerManager.cs using Guid(b81f663839ba04a42a167c9cf066363d) Importer(815301076,1909f56bfc062723c751e8b465ee728b)  -> (artifact id: '399c3230ad749dbc36774161fa550aa6') in 0.006632 seconds
  Import took 0.009000 seconds .

========================================================================
Received Import Request.
  Time since last request: 3547.936076 seconds.
  path: Assets/Scenes
  artifactKey: Guid(fbeb11e45029b471c86177d312e61d59) Importer(815301076,1909f56bfc062723c751e8b465ee728b)
Start importing Assets/Scenes using Guid(fbeb11e45029b471c86177d312e61d59) Importer(815301076,1909f56bfc062723c751e8b465ee728b)  -> (artifact id: '13baff184988ceaa276a4388db61a8bb') in 0.002232 seconds
  Import took 0.005484 seconds .

========================================================================
Received Import Request.
  Time since last request: 8.302898 seconds.
  path: Assets/Scripts/ThirdPersonMovement.cs
  artifactKey: Guid(8291b0080f2e9784b94920b6e094ae6e) Importer(815301076,1909f56bfc062723c751e8b465ee728b)
Start importing Assets/Scripts/ThirdPersonMovement.cs using Guid(8291b0080f2e9784b94920b6e094ae6e) Importer(815301076,1909f56bfc062723c751e8b465ee728b)  -> (artifact id: '795074e109fb1c18fe076b597b231cca') in 0.007508 seconds
  Import took 0.011182 seconds .

========================================================================
Received Import Request.
  Time since last request: 0.043444 seconds.
  path: Assets/Scripts/ThirdPersonMovement.cs
  artifactKey: Guid(8291b0080f2e9784b94920b6e094ae6e) Importer(815301076,1909f56bfc062723c751e8b465ee728b)
Start importing Assets/Scripts/ThirdPersonMovement.cs using Guid(8291b0080f2e9784b94920b6e094ae6e) Importer(815301076,1909f56bfc062723c751e8b465ee728b)  -> (artifact id: '795074e109fb1c18fe076b597b231cca') in 0.031073 seconds
  Import took 0.033753 seconds .

