Using pre-set license

 COMMAND LINE ARGUMENTS:
/Applications/Unity/Hub/Editor/2020.3.6f1/Unity.app/Contents/MacOS/Unity
-adb2
-batchMode
-noUpm
-name
AssetImportWorker0
-projectPath
/Users/gabejacobs/Desktop/UNITY PROJECTS LEARNING/NYU-ASSIGNMENTS/Week 6/Roll-a-ball
-logFile
Logs/AssetImportWorker0.log
-srvPort
51160
Successfully changed project path to: /Users/gabejacobs/Desktop/UNITY PROJECTS LEARNING/NYU-ASSIGNMENTS/Week 6/Roll-a-ball
/Users/gabejacobs/Desktop/UNITY PROJECTS LEARNING/NYU-ASSIGNMENTS/Week 6/Roll-a-ball
Using Asset Import Pipeline V2.
Refreshing native plugins compatible for Editor in 21.98 ms, found 1 plugins.
Preloading 0 native plugins for Editor in 0.00 ms.
Initialize engine version: 2020.3.6f1 (338bb68529b2)
[Subsystems] Discovering subsystems at path /Applications/Unity/Hub/Editor/2020.3.6f1/Unity.app/Contents/Resources/UnitySubsystems
[Subsystems] Discovering subsystems at path /Users/gabejacobs/Desktop/UNITY PROJECTS LEARNING/NYU-ASSIGNMENTS/Week 6/Roll-a-ball/Assets
GfxDevice: creating device client; threaded=0
2021-05-19 12:51:30.884 Unity[17482:798087] iMac preferred device: AMD Radeon Pro Vega 56 (high power)
2021-05-19 12:51:30.884 Unity[17482:798087] Metal devices available: 1
2021-05-19 12:51:30.884 Unity[17482:798087] 0: AMD Radeon Pro Vega 56 (high power)
2021-05-19 12:51:30.885 Unity[17482:798087] Using device AMD Radeon Pro Vega 56 (high power)
Initializing Metal device caps: AMD Radeon Pro Vega 56
Initialize mono
Mono path[0] = '/Applications/Unity/Hub/Editor/2020.3.6f1/Unity.app/Contents/Managed'
Mono path[1] = '/Applications/Unity/Hub/Editor/2020.3.6f1/Unity.app/Contents/MonoBleedingEdge/lib/mono/unityjit'
Mono config path = '/Applications/Unity/Hub/Editor/2020.3.6f1/Unity.app/Contents/MonoBleedingEdge/etc'
Using monoOptions --debugger-agent=transport=dt_socket,embedding=1,server=y,suspend=n,address=127.0.0.1:56482
Begin MonoManager ReloadAssembly
Registering precompiled unity dll's ...
Register platform support module: /Applications/Unity/Hub/Editor/2020.3.6f1/Unity.app/Contents/PlaybackEngines/MacStandaloneSupport/UnityEditor.OSXStandalone.Extensions.dll
Register platform support module: /Applications/Unity/Hub/Editor/2020.3.6f1/PlaybackEngines/WindowsStandaloneSupport/UnityEditor.WindowsStandalone.Extensions.dll
Registered in 0.001075 seconds.
Native extension for WindowsStandalone target not found
Native extension for OSXStandalone target not found
Refreshing native plugins compatible for Editor in 21.62 ms, found 1 plugins.
Preloading 0 native plugins for Editor in 0.00 ms.
Mono: successfully reloaded assembly
- Completed reload, in  3.301 seconds
Platform modules already initialized, skipping
Registering precompiled user dll's ...
Registered in 0.000839 seconds.
Begin MonoManager ReloadAssembly
Native extension for WindowsStandalone target not found
Native extension for OSXStandalone target not found
Refreshing native plugins compatible for Editor in 0.24 ms, found 1 plugins.
Preloading 0 native plugins for Editor in 0.00 ms.
Mono: successfully reloaded assembly
- Completed reload, in  1.003 seconds
Platform modules already initialized, skipping
========================================================================
Worker process is ready to serve import requests
Launching external process: /Applications/Unity/Hub/Editor/2020.3.6f1/Unity.app/Contents/Tools/UnityShaderCompiler
Launched and connected shader compiler UnityShaderCompiler after 0.01 seconds
Refreshing native plugins compatible for Editor in 0.24 ms, found 1 plugins.
Preloading 0 native plugins for Editor in 0.00 ms.
Unloading 1115 Unused Serialized files (Serialized files now loaded: 0)
System memory in use before: 115.3 MB.
System memory in use after: 115.3 MB.

Unloading 10 unused Assets to reduce memory usage. Loaded Objects now: 1557.
Total: 2.103427 ms (FindLiveObjects: 0.171911 ms CreateObjectMapping: 0.037902 ms MarkObjects: 1.810503 ms  DeleteObjects: 0.082208 ms)

========================================================================
Received Import Request.
  path: Assets/Yughues Free PBR Metal Plates
  artifactKey: Guid(6518d6cc259d7411c9bfea5424ce5492) Importer(815301076,1909f56bfc062723c751e8b465ee728b)
Start importing Assets/Yughues Free PBR Metal Plates using Guid(6518d6cc259d7411c9bfea5424ce5492) Importer(815301076,1909f56bfc062723c751e8b465ee728b)  -> (artifact id: '8dbb5a24cfce6f6f2b68852f229a2ed6') in 0.004381 seconds
  Import took 0.006813 seconds .

========================================================================
Received Import Request.
  Time since last request: 0.000194 seconds.
  path: Assets/Scenes
  artifactKey: Guid(bfb47168abde440c29118d121358c365) Importer(815301076,1909f56bfc062723c751e8b465ee728b)
Start importing Assets/Scenes using Guid(bfb47168abde440c29118d121358c365) Importer(815301076,1909f56bfc062723c751e8b465ee728b)  -> (artifact id: 'f3eb19daab82ddce346b718eaa0f74eb') in 0.001060 seconds
  Import took 0.002574 seconds .

========================================================================
Received Import Request.
  Time since last request: 1.846116 seconds.
  path: Assets/Metal Textures
  artifactKey: Guid(6518d6cc259d7411c9bfea5424ce5492) Importer(815301076,1909f56bfc062723c751e8b465ee728b)
Start importing Assets/Metal Textures using Guid(6518d6cc259d7411c9bfea5424ce5492) Importer(815301076,1909f56bfc062723c751e8b465ee728b)  -> (artifact id: '73bac8b1a72b840cea5daed08d349948') in 0.001290 seconds
  Import took 0.003375 seconds .

========================================================================
Received Import Request.
  Time since last request: 16.014470 seconds.
  path: Assets/Scripts
  artifactKey: Guid(a1e1142120dd44f4aa032ad5ca034842) Importer(815301076,1909f56bfc062723c751e8b465ee728b)
Start importing Assets/Scripts using Guid(a1e1142120dd44f4aa032ad5ca034842) Importer(815301076,1909f56bfc062723c751e8b465ee728b)  -> (artifact id: '7ee43c75c3e391c18014560939d85649') in 0.002030 seconds
  Import took 0.004246 seconds .

========================================================================
Received Import Request.
  Time since last request: 24.305424 seconds.
  path: Assets/Materials
  artifactKey: Guid(ebca5c4b7f13f46529eca2dd630fb569) Importer(815301076,1909f56bfc062723c751e8b465ee728b)
Start importing Assets/Materials using Guid(ebca5c4b7f13f46529eca2dd630fb569) Importer(815301076,1909f56bfc062723c751e8b465ee728b)  -> (artifact id: '943ed61777a4937a892383807558ed8c') in 0.001850 seconds
  Import took 0.004230 seconds .

========================================================================
Received Import Request.
  Time since last request: 5.778942 seconds.
  path: Assets/Prefabs
  artifactKey: Guid(c0f02a630b7274453a61792a7479020a) Importer(815301076,1909f56bfc062723c751e8b465ee728b)
Start importing Assets/Prefabs using Guid(c0f02a630b7274453a61792a7479020a) Importer(815301076,1909f56bfc062723c751e8b465ee728b)  -> (artifact id: 'a6c683736302faa6c216d27db8e3ef93') in 0.001919 seconds
  Import took 0.004192 seconds .

========================================================================
Received Import Request.
  Time since last request: 63.435033 seconds.
  path: Assets/Materials/Metal Textures/Materials
  artifactKey: Guid(a4ace913cea3f4c66a65561a5fe1df6f) Importer(815301076,1909f56bfc062723c751e8b465ee728b)
Start importing Assets/Materials/Metal Textures/Materials using Guid(a4ace913cea3f4c66a65561a5fe1df6f) Importer(815301076,1909f56bfc062723c751e8b465ee728b)  -> (artifact id: 'd896108376eed8a163473e76f30ba6a9') in 0.000892 seconds
  Import took 0.002942 seconds .

========================================================================
Received Import Request.
  Time since last request: 0.000635 seconds.
  path: Assets/Materials/Metal Textures/Materials
  artifactKey: Guid(a4ace913cea3f4c66a65561a5fe1df6f) Importer(815301076,1909f56bfc062723c751e8b465ee728b)
Start importing Assets/Materials/Metal Textures/Materials using Guid(a4ace913cea3f4c66a65561a5fe1df6f) Importer(815301076,1909f56bfc062723c751e8b465ee728b)  -> (artifact id: 'd896108376eed8a163473e76f30ba6a9') in 0.000812 seconds
  Import took 0.002589 seconds .

========================================================================
Received Import Request.
  Time since last request: 60.013721 seconds.
  path: Assets/Materials/Metal032_1K-JPG
  artifactKey: Guid(00dede076a1c5411d82f5fece8943407) Importer(815301076,1909f56bfc062723c751e8b465ee728b)
Start importing Assets/Materials/Metal032_1K-JPG using Guid(00dede076a1c5411d82f5fece8943407) Importer(815301076,1909f56bfc062723c751e8b465ee728b)  -> (artifact id: '8a34209cf5c2cc0fe8d4202d630d86f2') in 0.001793 seconds
  Import took 0.003870 seconds .

========================================================================
Received Import Request.
  Time since last request: 0.000911 seconds.
  path: Assets/Materials/Metal032_1K-JPG
  artifactKey: Guid(00dede076a1c5411d82f5fece8943407) Importer(815301076,1909f56bfc062723c751e8b465ee728b)
Start importing Assets/Materials/Metal032_1K-JPG using Guid(00dede076a1c5411d82f5fece8943407) Importer(815301076,1909f56bfc062723c751e8b465ee728b)  -> (artifact id: '8a34209cf5c2cc0fe8d4202d630d86f2') in 0.000758 seconds
  Import took 0.002675 seconds .

========================================================================
Received Import Request.
  Time since last request: 31.811905 seconds.
  path: Assets/Materials/Metal032_1K-JPG/Metal032_1K_Color.jpg
  artifactKey: Guid(19a5bdd182e704789b2ba8fc9e6e6538) Importer(815301076,1909f56bfc062723c751e8b465ee728b)
Start importing Assets/Materials/Metal032_1K-JPG/Metal032_1K_Color.jpg using Guid(19a5bdd182e704789b2ba8fc9e6e6538) Importer(815301076,1909f56bfc062723c751e8b465ee728b)  -> (artifact id: '809d6f968a0bce28eb62408972649a6a') in 0.984504 seconds
  Import took 0.986840 seconds .

========================================================================
Received Import Request.
  Time since last request: 0.000236 seconds.
  path: Assets/Materials/Metal032_1K-JPG/Metal032_1K_Normal.jpg
  artifactKey: Guid(edd725317c9a849839275ae807c770c3) Importer(815301076,1909f56bfc062723c751e8b465ee728b)
Start importing Assets/Materials/Metal032_1K-JPG/Metal032_1K_Normal.jpg using Guid(edd725317c9a849839275ae807c770c3) Importer(815301076,1909f56bfc062723c751e8b465ee728b)  -> (artifact id: '30bea14dfc6843863df230e6c153fec1') in 0.009211 seconds
  Import took 0.011381 seconds .

========================================================================
Received Import Request.
  Time since last request: 0.000220 seconds.
  path: Assets/Materials/Metal032_1K-JPG/Metal032_1K_Displacement.jpg
  artifactKey: Guid(922ad17efff324d589fd681bd162505c) Importer(815301076,1909f56bfc062723c751e8b465ee728b)
Start importing Assets/Materials/Metal032_1K-JPG/Metal032_1K_Displacement.jpg using Guid(922ad17efff324d589fd681bd162505c) Importer(815301076,1909f56bfc062723c751e8b465ee728b)  -> (artifact id: 'e121ce4729d2a53f0305fb2a3c759d05') in 0.012264 seconds
  Import took 0.014371 seconds .

========================================================================
Received Import Request.
  Time since last request: 0.000228 seconds.
  path: Assets/Materials/Metal032_1K-JPG/Metal032_1K_Metalness.jpg
  artifactKey: Guid(0d6d8fd6f2b0e4bf0b3ed343ce562799) Importer(815301076,1909f56bfc062723c751e8b465ee728b)
Start importing Assets/Materials/Metal032_1K-JPG/Metal032_1K_Metalness.jpg using Guid(0d6d8fd6f2b0e4bf0b3ed343ce562799) Importer(815301076,1909f56bfc062723c751e8b465ee728b)  -> (artifact id: 'e998c2557be08a5a07d7e4baa3bff78c') in 0.008750 seconds
  Import took 0.010718 seconds .

========================================================================
Received Import Request.
  Time since last request: 0.000223 seconds.
  path: Assets/Materials/Metal032_1K-JPG/Metal032_1K_Roughness.jpg
  artifactKey: Guid(9d931ad0410a941cca9c5caf4f3c8fe2) Importer(815301076,1909f56bfc062723c751e8b465ee728b)
Start importing Assets/Materials/Metal032_1K-JPG/Metal032_1K_Roughness.jpg using Guid(9d931ad0410a941cca9c5caf4f3c8fe2) Importer(815301076,1909f56bfc062723c751e8b465ee728b)  -> (artifact id: '1ee0b1aaa86546e4c556e75a79d6c8d3') in 0.012608 seconds
  Import took 0.014779 seconds .

========================================================================
Received Import Request.
  Time since last request: 57.821508 seconds.
  path: Assets/Materials/Wood051_1K-JPG
  artifactKey: Guid(84e1bd9b3618947288daeaa62b859b7a) Importer(815301076,1909f56bfc062723c751e8b465ee728b)
Start importing Assets/Materials/Wood051_1K-JPG using Guid(84e1bd9b3618947288daeaa62b859b7a) Importer(815301076,1909f56bfc062723c751e8b465ee728b)  -> (artifact id: '137245aa0e78f6095094e731f3f517d5') in 0.002112 seconds
  Import took 0.004246 seconds .

========================================================================
Received Import Request.
  Time since last request: 166.698763 seconds.
  path: Assets/Materials/Wood051_1K-JPG/Wood051_1K_Color.jpg
  artifactKey: Guid(b5a4cc9da83d94e3380bfc52a772ea7f) Importer(815301076,1909f56bfc062723c751e8b465ee728b)
Start importing Assets/Materials/Wood051_1K-JPG/Wood051_1K_Color.jpg using Guid(b5a4cc9da83d94e3380bfc52a772ea7f) Importer(815301076,1909f56bfc062723c751e8b465ee728b)  -> (artifact id: 'c8d10152359e665aabe9697e78ccd228') in 0.009940 seconds
  Import took 0.012700 seconds .

========================================================================
Received Import Request.
  Time since last request: 0.045198 seconds.
  path: Assets/Materials/Wood051_1K-JPG/Wood051_1K_Color.jpg
  artifactKey: Guid(b5a4cc9da83d94e3380bfc52a772ea7f) Importer(815301076,1909f56bfc062723c751e8b465ee728b)
Start importing Assets/Materials/Wood051_1K-JPG/Wood051_1K_Color.jpg using Guid(b5a4cc9da83d94e3380bfc52a772ea7f) Importer(815301076,1909f56bfc062723c751e8b465ee728b)  -> (artifact id: 'c8d10152359e665aabe9697e78ccd228') in 0.007859 seconds
  Import took 0.010280 seconds .

========================================================================
Received Import Request.
  Time since last request: 0.920679 seconds.
  path: Assets/Materials/Wood051_1K-JPG/Materials
  artifactKey: Guid(149d87e1aeb2f4ac6ad220eee7f63036) Importer(815301076,1909f56bfc062723c751e8b465ee728b)
Start importing Assets/Materials/Wood051_1K-JPG/Materials using Guid(149d87e1aeb2f4ac6ad220eee7f63036) Importer(815301076,1909f56bfc062723c751e8b465ee728b)  -> (artifact id: '13e2f5fb4c9cc30a6ab8af03c60df7d1') in 0.000899 seconds
  Import took 0.002962 seconds .

========================================================================
Received Import Request.
  Time since last request: 0.000529 seconds.
  path: Assets/Materials/Wood051_1K-JPG/Materials
  artifactKey: Guid(149d87e1aeb2f4ac6ad220eee7f63036) Importer(815301076,1909f56bfc062723c751e8b465ee728b)
Start importing Assets/Materials/Wood051_1K-JPG/Materials using Guid(149d87e1aeb2f4ac6ad220eee7f63036) Importer(815301076,1909f56bfc062723c751e8b465ee728b)  -> (artifact id: '13e2f5fb4c9cc30a6ab8af03c60df7d1') in 0.000778 seconds
  Import took 0.002755 seconds .

========================================================================
Received Import Request.
  Time since last request: 19.557689 seconds.
  path: Assets/Materials/Wood051_1K-JPG/Materials/Wood051_1K_Roughness.jpg
  artifactKey: Guid(371aee1ad28c74a5ca04b75e80c22fc3) Importer(815301076,1909f56bfc062723c751e8b465ee728b)
Start importing Assets/Materials/Wood051_1K-JPG/Materials/Wood051_1K_Roughness.jpg using Guid(371aee1ad28c74a5ca04b75e80c22fc3) Importer(815301076,1909f56bfc062723c751e8b465ee728b)  -> (artifact id: '79b211d8c31ef252c1387bd6bb995ed3') in 0.010541 seconds
  Import took 0.012703 seconds .

========================================================================
Received Import Request.
  Time since last request: 98.751571 seconds.
  path: Assets/Materials/Wood051_1K_Displacement.jpg
  artifactKey: Guid(afc2200e5f1ba47afbe9117390633b9a) Importer(815301076,1909f56bfc062723c751e8b465ee728b)
Start importing Assets/Materials/Wood051_1K_Displacement.jpg using Guid(afc2200e5f1ba47afbe9117390633b9a) Importer(815301076,1909f56bfc062723c751e8b465ee728b)  -> (artifact id: 'fc04347ad245fa733a985c9d391e8111') in 0.010949 seconds
  Import took 0.013326 seconds .

========================================================================
Received Import Request.
  Time since last request: 0.000837 seconds.
  path: Assets/Materials/Wood051_1K_Displacement.jpg
  artifactKey: Guid(afc2200e5f1ba47afbe9117390633b9a) Importer(815301076,1909f56bfc062723c751e8b465ee728b)
Start importing Assets/Materials/Wood051_1K_Displacement.jpg using Guid(afc2200e5f1ba47afbe9117390633b9a) Importer(815301076,1909f56bfc062723c751e8b465ee728b)  -> (artifact id: 'fc04347ad245fa733a985c9d391e8111') in 0.008342 seconds
  Import took 0.010457 seconds .

========================================================================
Received Prepare
Registering precompiled user dll's ...
Registered in 0.000432 seconds.
Begin MonoManager ReloadAssembly
Native extension for WindowsStandalone target not found
Native extension for OSXStandalone target not found
Refreshing native plugins compatible for Editor in 0.26 ms, found 1 plugins.
Preloading 0 native plugins for Editor in 0.00 ms.
Mono: successfully reloaded assembly
- Completed reload, in  0.919 seconds
Platform modules already initialized, skipping
Refreshing native plugins compatible for Editor in 0.24 ms, found 1 plugins.
Preloading 0 native plugins for Editor in 0.00 ms.
Unloading 1187 Unused Serialized files (Serialized files now loaded: 0)
System memory in use before: 123.2 MB.
System memory in use after: 123.2 MB.

Unloading 5 unused Assets to reduce memory usage. Loaded Objects now: 1639.
Total: 1.947067 ms (FindLiveObjects: 0.183560 ms CreateObjectMapping: 0.028932 ms MarkObjects: 1.674019 ms  DeleteObjects: 0.059529 ms)

========================================================================
Received Import Request.
  Time since last request: 240.013688 seconds.
  path: Assets/Wood050-Normal.jpg
  artifactKey: Guid(432f661ba0d574260bd7405f9de808c7) Importer(815301076,1909f56bfc062723c751e8b465ee728b)
Start importing Assets/Wood050-Normal.jpg using Guid(432f661ba0d574260bd7405f9de808c7) Importer(815301076,1909f56bfc062723c751e8b465ee728b)  -> (artifact id: '09487580993577052fdc85d663baf6aa') in 0.069633 seconds
  Import took 0.072007 seconds .

========================================================================
Received Import Request.
  Time since last request: 408.784282 seconds.
  path: Assets/Materials/Textures
  artifactKey: Guid(776b51ed1827945ccbe4f766e2db99c1) Importer(815301076,1909f56bfc062723c751e8b465ee728b)
Start importing Assets/Materials/Textures using Guid(776b51ed1827945ccbe4f766e2db99c1) Importer(815301076,1909f56bfc062723c751e8b465ee728b)  -> (artifact id: '0be859bc9825d4ca0e548b9b22610b52') in 0.001395 seconds
  Import took 0.003782 seconds .

========================================================================
Received Import Request.
  Time since last request: 1.307481 seconds.
  path: Assets/Materials/Wood049-Albedo.jpg
  artifactKey: Guid(6559262fab69f4b2ab162cdf14fa16ba) Importer(815301076,1909f56bfc062723c751e8b465ee728b)
Start importing Assets/Materials/Wood049-Albedo.jpg using Guid(6559262fab69f4b2ab162cdf14fa16ba) Importer(815301076,1909f56bfc062723c751e8b465ee728b)  -> (artifact id: '9c6d0cb840856a33fe1285a255e3b9b2') in 0.013140 seconds
  Import took 0.015513 seconds .

========================================================================
Received Import Request.
  Time since last request: 0.000541 seconds.
  path: Assets/Materials/Wood049-Albedo.jpg
  artifactKey: Guid(6559262fab69f4b2ab162cdf14fa16ba) Importer(815301076,1909f56bfc062723c751e8b465ee728b)
Start importing Assets/Materials/Wood049-Albedo.jpg using Guid(6559262fab69f4b2ab162cdf14fa16ba) Importer(815301076,1909f56bfc062723c751e8b465ee728b)  -> (artifact id: '9c6d0cb840856a33fe1285a255e3b9b2') in 0.012168 seconds
  Import took 0.014363 seconds .

========================================================================
Received Import Request.
  Time since last request: 5.863278 seconds.
  path: Assets/Materials/BallMaterial-Roughness.jpg
  artifactKey: Guid(0aa220ad20d2340a1b54dd0771fde06d) Importer(815301076,1909f56bfc062723c751e8b465ee728b)
Start importing Assets/Materials/BallMaterial-Roughness.jpg using Guid(0aa220ad20d2340a1b54dd0771fde06d) Importer(815301076,1909f56bfc062723c751e8b465ee728b)  -> (artifact id: '79faa5807185cb1293416e824308f36d') in 0.010953 seconds
  Import took 0.013312 seconds .

========================================================================
Received Import Request.
  Time since last request: 0.000733 seconds.
  path: Assets/Materials/BallMaterial-Roughness.jpg
  artifactKey: Guid(0aa220ad20d2340a1b54dd0771fde06d) Importer(815301076,1909f56bfc062723c751e8b465ee728b)
Start importing Assets/Materials/BallMaterial-Roughness.jpg using Guid(0aa220ad20d2340a1b54dd0771fde06d) Importer(815301076,1909f56bfc062723c751e8b465ee728b)  -> (artifact id: '79faa5807185cb1293416e824308f36d') in 0.011086 seconds
  Import took 0.013300 seconds .

========================================================================
Received Import Request.
  Time since last request: 77.029544 seconds.
  path: Assets/Materials/Textures/BallMaterial-Normal.jpg
  artifactKey: Guid(88ec343ad989945ffb6f1b8738bab1a5) Importer(815301076,1909f56bfc062723c751e8b465ee728b)
Start importing Assets/Materials/Textures/BallMaterial-Normal.jpg using Guid(88ec343ad989945ffb6f1b8738bab1a5) Importer(815301076,1909f56bfc062723c751e8b465ee728b)  -> (artifact id: 'bd25c92a58a08f51c98def332300606f') in 0.013841 seconds
  Import took 0.016198 seconds .

========================================================================
Received Import Request.
  Time since last request: 11.319879 seconds.
  path: Assets/Materials/BallMaterial-Normal.jpg
  artifactKey: Guid(21f92f81c50d14a6bb2123194214357d) Importer(815301076,1909f56bfc062723c751e8b465ee728b)
Start importing Assets/Materials/BallMaterial-Normal.jpg using Guid(21f92f81c50d14a6bb2123194214357d) Importer(815301076,1909f56bfc062723c751e8b465ee728b)  -> (artifact id: '0764c2931a5ec455520b78e68e0d3270') in 0.013722 seconds
  Import took 0.016078 seconds .

========================================================================
Received Prepare
Registering precompiled user dll's ...
Registered in 0.000374 seconds.
Begin MonoManager ReloadAssembly
Native extension for WindowsStandalone target not found
Native extension for OSXStandalone target not found
Refreshing native plugins compatible for Editor in 0.25 ms, found 1 plugins.
Preloading 0 native plugins for Editor in 0.00 ms.
Mono: successfully reloaded assembly
- Completed reload, in  0.869 seconds
Platform modules already initialized, skipping
Refreshing native plugins compatible for Editor in 0.22 ms, found 1 plugins.
Preloading 0 native plugins for Editor in 0.00 ms.
Unloading 1187 Unused Serialized files (Serialized files now loaded: 0)
System memory in use before: 126.5 MB.
System memory in use after: 126.6 MB.

Unloading 5 unused Assets to reduce memory usage. Loaded Objects now: 1645.
Total: 1.825096 ms (FindLiveObjects: 0.171998 ms CreateObjectMapping: 0.042115 ms MarkObjects: 1.572056 ms  DeleteObjects: 0.038253 ms)

========================================================================
Received Prepare
Registering precompiled user dll's ...
Registered in 0.000387 seconds.
Begin MonoManager ReloadAssembly
Native extension for WindowsStandalone target not found
Native extension for OSXStandalone target not found
Refreshing native plugins compatible for Editor in 0.25 ms, found 1 plugins.
Preloading 0 native plugins for Editor in 0.00 ms.
Mono: successfully reloaded assembly
- Completed reload, in  0.854 seconds
Platform modules already initialized, skipping
Refreshing native plugins compatible for Editor in 0.22 ms, found 1 plugins.
Preloading 0 native plugins for Editor in 0.00 ms.
Unloading 1187 Unused Serialized files (Serialized files now loaded: 0)
System memory in use before: 126.7 MB.
System memory in use after: 126.8 MB.

Unloading 5 unused Assets to reduce memory usage. Loaded Objects now: 1648.
Total: 1.851944 ms (FindLiveObjects: 0.174522 ms CreateObjectMapping: 0.042258 ms MarkObjects: 1.598080 ms  DeleteObjects: 0.036147 ms)

========================================================================
Received Prepare
Registering precompiled user dll's ...
Registered in 0.000829 seconds.
Begin MonoManager ReloadAssembly
Native extension for WindowsStandalone target not found
Native extension for OSXStandalone target not found
Refreshing native plugins compatible for Editor in 0.30 ms, found 1 plugins.
Preloading 0 native plugins for Editor in 0.00 ms.
Mono: successfully reloaded assembly
- Completed reload, in  0.861 seconds
Platform modules already initialized, skipping
Refreshing native plugins compatible for Editor in 0.30 ms, found 1 plugins.
Preloading 0 native plugins for Editor in 0.00 ms.
Unloading 1483 Unused Serialized files (Serialized files now loaded: 0)
System memory in use before: 127.0 MB.
System memory in use after: 127.1 MB.

Unloading 3 unused Assets to reduce memory usage. Loaded Objects now: 1944.
Total: 1.788101 ms (FindLiveObjects: 0.212362 ms CreateObjectMapping: 0.055510 ms MarkObjects: 1.457706 ms  DeleteObjects: 0.061108 ms)

