Using pre-set license

 COMMAND LINE ARGUMENTS:
/Applications/Unity/Hub/Editor/2020.3.6f1/Unity.app/Contents/MacOS/Unity
-adb2
-batchMode
-noUpm
-name
AssetImportWorker0
-projectPath
/Users/gabejacobs/Desktop/UNITY PROJECTS LEARNING/NYU-ASSIGNMENTS/Week 6/Roll-a-ball
-logFile
Logs/AssetImportWorker0.log
-srvPort
53174
Successfully changed project path to: /Users/gabejacobs/Desktop/UNITY PROJECTS LEARNING/NYU-ASSIGNMENTS/Week 6/Roll-a-ball
/Users/gabejacobs/Desktop/UNITY PROJECTS LEARNING/NYU-ASSIGNMENTS/Week 6/Roll-a-ball
Using Asset Import Pipeline V2.
Refreshing native plugins compatible for Editor in 26.61 ms, found 1 plugins.
Preloading 0 native plugins for Editor in 0.00 ms.
Initialize engine version: 2020.3.6f1 (338bb68529b2)
[Subsystems] Discovering subsystems at path /Applications/Unity/Hub/Editor/2020.3.6f1/Unity.app/Contents/Resources/UnitySubsystems
[Subsystems] Discovering subsystems at path /Users/gabejacobs/Desktop/UNITY PROJECTS LEARNING/NYU-ASSIGNMENTS/Week 6/Roll-a-ball/Assets
GfxDevice: creating device client; threaded=0
2021-05-19 13:54:14.417 Unity[19096:870637] iMac preferred device: AMD Radeon Pro Vega 56 (high power)
2021-05-19 13:54:14.417 Unity[19096:870637] Metal devices available: 1
2021-05-19 13:54:14.417 Unity[19096:870637] 0: AMD Radeon Pro Vega 56 (high power)
2021-05-19 13:54:14.417 Unity[19096:870637] Using device AMD Radeon Pro Vega 56 (high power)
Initializing Metal device caps: AMD Radeon Pro Vega 56
Initialize mono
Mono path[0] = '/Applications/Unity/Hub/Editor/2020.3.6f1/Unity.app/Contents/Managed'
Mono path[1] = '/Applications/Unity/Hub/Editor/2020.3.6f1/Unity.app/Contents/MonoBleedingEdge/lib/mono/unityjit'
Mono config path = '/Applications/Unity/Hub/Editor/2020.3.6f1/Unity.app/Contents/MonoBleedingEdge/etc'
Using monoOptions --debugger-agent=transport=dt_socket,embedding=1,server=y,suspend=n,address=127.0.0.1:56096
Begin MonoManager ReloadAssembly
Registering precompiled unity dll's ...
Register platform support module: /Applications/Unity/Hub/Editor/2020.3.6f1/Unity.app/Contents/PlaybackEngines/MacStandaloneSupport/UnityEditor.OSXStandalone.Extensions.dll
Register platform support module: /Applications/Unity/Hub/Editor/2020.3.6f1/PlaybackEngines/WindowsStandaloneSupport/UnityEditor.WindowsStandalone.Extensions.dll
Registered in 0.003055 seconds.
Native extension for WindowsStandalone target not found
Native extension for OSXStandalone target not found
Refreshing native plugins compatible for Editor in 27.95 ms, found 1 plugins.
Preloading 0 native plugins for Editor in 0.00 ms.
Mono: successfully reloaded assembly
- Completed reload, in  3.129 seconds
Platform modules already initialized, skipping
Registering precompiled user dll's ...
Registered in 0.001125 seconds.
Begin MonoManager ReloadAssembly
Native extension for WindowsStandalone target not found
Native extension for OSXStandalone target not found
Refreshing native plugins compatible for Editor in 27.42 ms, found 1 plugins.
Preloading 0 native plugins for Editor in 0.00 ms.
Mono: successfully reloaded assembly
- Completed reload, in  1.102 seconds
Platform modules already initialized, skipping
========================================================================
Worker process is ready to serve import requests
Launching external process: /Applications/Unity/Hub/Editor/2020.3.6f1/Unity.app/Contents/Tools/UnityShaderCompiler
Launched and connected shader compiler UnityShaderCompiler after 0.01 seconds
Refreshing native plugins compatible for Editor in 0.29 ms, found 1 plugins.
Preloading 0 native plugins for Editor in 0.00 ms.
Unloading 1488 Unused Serialized files (Serialized files now loaded: 0)
System memory in use before: 134.6 MB.
System memory in use after: 134.6 MB.

Unloading 12 unused Assets to reduce memory usage. Loaded Objects now: 1935.
Total: 2.401812 ms (FindLiveObjects: 0.208362 ms CreateObjectMapping: 0.056226 ms MarkObjects: 2.054276 ms  DeleteObjects: 0.081861 ms)

========================================================================
Received Import Request.
  path: Assets/Input
  artifactKey: Guid(f494fd7d95eec46f4921f742f767748d) Importer(815301076,1909f56bfc062723c751e8b465ee728b)
Start importing Assets/Input using Guid(f494fd7d95eec46f4921f742f767748d) Importer(815301076,1909f56bfc062723c751e8b465ee728b)  -> (artifact id: '73929a17e28095bf7fd7f5c69d4120ef') in 0.005121 seconds
  Import took 0.007670 seconds .

========================================================================
Received Import Request.
  Time since last request: 50.228949 seconds.
  path: Assets/Input/ThirdPersonControls.inputactions
  artifactKey: Guid(c7e464fc683f644b481505629f4e168e) Importer(815301076,1909f56bfc062723c751e8b465ee728b)
Start importing Assets/Input/ThirdPersonControls.inputactions using Guid(c7e464fc683f644b481505629f4e168e) Importer(815301076,1909f56bfc062723c751e8b465ee728b)  -> (artifact id: 'd9f429941c7fe490da6ea7c153984313') in 0.873711 seconds
  Import took 0.876832 seconds .

========================================================================
Received Import Request.
  Time since last request: 137.008484 seconds.
  path: Assets/Input/ThirdPersonControls.inputactions
  artifactKey: Guid(c7e464fc683f644b481505629f4e168e) Importer(815301076,1909f56bfc062723c751e8b465ee728b)
Start importing Assets/Input/ThirdPersonControls.inputactions using Guid(c7e464fc683f644b481505629f4e168e) Importer(815301076,1909f56bfc062723c751e8b465ee728b)  -> (artifact id: '78641bce7f64be1c7742cfc5b7708051') in 0.005240 seconds
  Import took 0.007929 seconds .

========================================================================
Received Import Request.
  Time since last request: 13.314713 seconds.
  path: Assets/Input/ThirdPersonControls.inputactions
  artifactKey: Guid(c7e464fc683f644b481505629f4e168e) Importer(815301076,1909f56bfc062723c751e8b465ee728b)
Start importing Assets/Input/ThirdPersonControls.inputactions using Guid(c7e464fc683f644b481505629f4e168e) Importer(815301076,1909f56bfc062723c751e8b465ee728b)  -> (artifact id: '0bfad7f0d1b6d6e57413fe99bc4461b9') in 0.003226 seconds
  Import took 0.005920 seconds .

========================================================================
Received Prepare
Registering precompiled user dll's ...
Registered in 0.000341 seconds.
Begin MonoManager ReloadAssembly
Native extension for WindowsStandalone target not found
Native extension for OSXStandalone target not found
Refreshing native plugins compatible for Editor in 0.31 ms, found 1 plugins.
Preloading 0 native plugins for Editor in 0.00 ms.
Mono: successfully reloaded assembly
- Completed reload, in  0.951 seconds
Platform modules already initialized, skipping
Refreshing native plugins compatible for Editor in 0.30 ms, found 1 plugins.
Preloading 0 native plugins for Editor in 0.00 ms.
Unloading 1484 Unused Serialized files (Serialized files now loaded: 0)
System memory in use before: 139.3 MB.
System memory in use after: 139.4 MB.

Unloading 5 unused Assets to reduce memory usage. Loaded Objects now: 1939.
Total: 2.136307 ms (FindLiveObjects: 0.195911 ms CreateObjectMapping: 0.054469 ms MarkObjects: 1.837813 ms  DeleteObjects: 0.047163 ms)

========================================================================
Received Prepare
Registering precompiled user dll's ...
Registered in 0.000447 seconds.
Begin MonoManager ReloadAssembly
Native extension for WindowsStandalone target not found
Native extension for OSXStandalone target not found
Refreshing native plugins compatible for Editor in 0.31 ms, found 1 plugins.
Preloading 0 native plugins for Editor in 0.00 ms.
Mono: successfully reloaded assembly
- Completed reload, in  0.936 seconds
Platform modules already initialized, skipping
Refreshing native plugins compatible for Editor in 0.33 ms, found 1 plugins.
Preloading 0 native plugins for Editor in 0.00 ms.
Unloading 1484 Unused Serialized files (Serialized files now loaded: 0)
System memory in use before: 139.5 MB.
System memory in use after: 139.6 MB.

Unloading 5 unused Assets to reduce memory usage. Loaded Objects now: 1942.
Total: 2.218675 ms (FindLiveObjects: 0.193142 ms CreateObjectMapping: 0.041522 ms MarkObjects: 1.939120 ms  DeleteObjects: 0.044161 ms)

========================================================================
Received Import Request.
  Time since last request: 124.186124 seconds.
  path: Assets/Input/ThirdPersonControls.inputactions
  artifactKey: Guid(c7e464fc683f644b481505629f4e168e) Importer(815301076,1909f56bfc062723c751e8b465ee728b)
Start importing Assets/Input/ThirdPersonControls.inputactions using Guid(c7e464fc683f644b481505629f4e168e) Importer(815301076,1909f56bfc062723c751e8b465ee728b)  -> (artifact id: '74c5996231594a035fef90a1ae024aae') in 0.018693 seconds
  Import took 0.021428 seconds .

========================================================================
Received Prepare
Registering precompiled user dll's ...
Registered in 0.000344 seconds.
Begin MonoManager ReloadAssembly
Native extension for WindowsStandalone target not found
Native extension for OSXStandalone target not found
Refreshing native plugins compatible for Editor in 0.29 ms, found 1 plugins.
Preloading 0 native plugins for Editor in 0.00 ms.
Mono: successfully reloaded assembly
- Completed reload, in  0.940 seconds
Platform modules already initialized, skipping
Refreshing native plugins compatible for Editor in 0.31 ms, found 1 plugins.
Preloading 0 native plugins for Editor in 0.00 ms.
Unloading 1484 Unused Serialized files (Serialized files now loaded: 0)
System memory in use before: 139.8 MB.
System memory in use after: 139.9 MB.

Unloading 5 unused Assets to reduce memory usage. Loaded Objects now: 1945.
Total: 2.174950 ms (FindLiveObjects: 0.199769 ms CreateObjectMapping: 0.035866 ms MarkObjects: 1.887742 ms  DeleteObjects: 0.050294 ms)

========================================================================
Received Prepare
Registering precompiled user dll's ...
Registered in 0.000630 seconds.
Begin MonoManager ReloadAssembly
Native extension for WindowsStandalone target not found
Native extension for OSXStandalone target not found
Refreshing native plugins compatible for Editor in 0.30 ms, found 1 plugins.
Preloading 0 native plugins for Editor in 0.00 ms.
Mono: successfully reloaded assembly
- Completed reload, in  0.973 seconds
Platform modules already initialized, skipping
Refreshing native plugins compatible for Editor in 0.44 ms, found 1 plugins.
Preloading 0 native plugins for Editor in 0.00 ms.
Unloading 1484 Unused Serialized files (Serialized files now loaded: 0)
System memory in use before: 140.0 MB.
System memory in use after: 140.1 MB.

Unloading 5 unused Assets to reduce memory usage. Loaded Objects now: 1948.
Total: 3.250813 ms (FindLiveObjects: 0.219364 ms CreateObjectMapping: 0.045845 ms MarkObjects: 2.924433 ms  DeleteObjects: 0.059497 ms)

