Using pre-set license

 COMMAND LINE ARGUMENTS:
/Applications/Unity/Hub/Editor/2020.3.6f1/Unity.app/Contents/MacOS/Unity
-adb2
-batchMode
-noUpm
-name
AssetImportWorker0
-projectPath
/Users/gabejacobs/Desktop/UNITY PROJECTS LEARNING/NYU-ASSIGNMENTS/Week 6/CharacterController
-logFile
Logs/AssetImportWorker0.log
-srvPort
53201
Successfully changed project path to: /Users/gabejacobs/Desktop/UNITY PROJECTS LEARNING/NYU-ASSIGNMENTS/Week 6/CharacterController
/Users/gabejacobs/Desktop/UNITY PROJECTS LEARNING/NYU-ASSIGNMENTS/Week 6/CharacterController
Using Asset Import Pipeline V2.
Refreshing native plugins compatible for Editor in 26.21 ms, found 1 plugins.
Preloading 0 native plugins for Editor in 0.00 ms.
Initialize engine version: 2020.3.6f1 (338bb68529b2)
[Subsystems] Discovering subsystems at path /Applications/Unity/Hub/Editor/2020.3.6f1/Unity.app/Contents/Resources/UnitySubsystems
[Subsystems] Discovering subsystems at path /Users/gabejacobs/Desktop/UNITY PROJECTS LEARNING/NYU-ASSIGNMENTS/Week 6/CharacterController/Assets
GfxDevice: creating device client; threaded=0
2021-05-19 13:54:21.772 Unity[19104:870963] iMac preferred device: AMD Radeon Pro Vega 56 (high power)
2021-05-19 13:54:21.772 Unity[19104:870963] Metal devices available: 1
2021-05-19 13:54:21.773 Unity[19104:870963] 0: AMD Radeon Pro Vega 56 (high power)
2021-05-19 13:54:21.773 Unity[19104:870963] Using device AMD Radeon Pro Vega 56 (high power)
Initializing Metal device caps: AMD Radeon Pro Vega 56
Initialize mono
Mono path[0] = '/Applications/Unity/Hub/Editor/2020.3.6f1/Unity.app/Contents/Managed'
Mono path[1] = '/Applications/Unity/Hub/Editor/2020.3.6f1/Unity.app/Contents/MonoBleedingEdge/lib/mono/unityjit'
Mono config path = '/Applications/Unity/Hub/Editor/2020.3.6f1/Unity.app/Contents/MonoBleedingEdge/etc'
Using monoOptions --debugger-agent=transport=dt_socket,embedding=1,server=y,suspend=n,address=127.0.0.1:56104
Begin MonoManager ReloadAssembly
Registering precompiled unity dll's ...
Register platform support module: /Applications/Unity/Hub/Editor/2020.3.6f1/Unity.app/Contents/PlaybackEngines/MacStandaloneSupport/UnityEditor.OSXStandalone.Extensions.dll
Register platform support module: /Applications/Unity/Hub/Editor/2020.3.6f1/PlaybackEngines/WindowsStandaloneSupport/UnityEditor.WindowsStandalone.Extensions.dll
Registered in 0.000783 seconds.
Native extension for WindowsStandalone target not found
Native extension for OSXStandalone target not found
Refreshing native plugins compatible for Editor in 26.04 ms, found 1 plugins.
Preloading 0 native plugins for Editor in 0.00 ms.
Mono: successfully reloaded assembly
- Completed reload, in  3.664 seconds
Platform modules already initialized, skipping
Registering precompiled user dll's ...
Registered in 0.000672 seconds.
Begin MonoManager ReloadAssembly
Native extension for WindowsStandalone target not found
Native extension for OSXStandalone target not found
Refreshing native plugins compatible for Editor in 25.24 ms, found 1 plugins.
Preloading 0 native plugins for Editor in 0.00 ms.
Mono: successfully reloaded assembly
- Completed reload, in  1.076 seconds
Platform modules already initialized, skipping
========================================================================
Worker process is ready to serve import requests
Launching external process: /Applications/Unity/Hub/Editor/2020.3.6f1/Unity.app/Contents/Tools/UnityShaderCompiler
Launched and connected shader compiler UnityShaderCompiler after 0.01 seconds
Refreshing native plugins compatible for Editor in 0.31 ms, found 1 plugins.
Preloading 0 native plugins for Editor in 0.00 ms.
Unloading 1417 Unused Serialized files (Serialized files now loaded: 0)
System memory in use before: 144.4 MB.
System memory in use after: 144.5 MB.

Unloading 12 unused Assets to reduce memory usage. Loaded Objects now: 1876.
Total: 2.582294 ms (FindLiveObjects: 0.233986 ms CreateObjectMapping: 0.050463 ms MarkObjects: 2.160880 ms  DeleteObjects: 0.135806 ms)

========================================================================
Received Import Request.
  path: Assets/Input/FirstPersonControls.inputactions
  artifactKey: Guid(8fd3e849645ab4471a2daeb95592909c) Importer(815301076,1909f56bfc062723c751e8b465ee728b)
Start importing Assets/Input/FirstPersonControls.inputactions using Guid(8fd3e849645ab4471a2daeb95592909c) Importer(815301076,1909f56bfc062723c751e8b465ee728b)  -> (artifact id: '58e8b24e9dbce7059270ec4318559861') in 1.150235 seconds
  Import took 1.153914 seconds .

========================================================================
Received Import Request.
  Time since last request: 0.000266 seconds.
  path: Assets/Input/FirstPersonControls.cs
  artifactKey: Guid(bd30da76c14c144f4ba7cd8a527af09a) Importer(815301076,1909f56bfc062723c751e8b465ee728b)
Start importing Assets/Input/FirstPersonControls.cs using Guid(bd30da76c14c144f4ba7cd8a527af09a) Importer(815301076,1909f56bfc062723c751e8b465ee728b)  -> (artifact id: 'ea4d48ce6e93506f58e39cd88a3e1eca') in 0.362510 seconds
  Import took 0.366173 seconds .

========================================================================
Received Import Request.
  Time since last request: 214.057319 seconds.
  path: Assets/Prefabs
  artifactKey: Guid(0b528f7ba9071f640925df856bf66205) Importer(815301076,1909f56bfc062723c751e8b465ee728b)
Start importing Assets/Prefabs using Guid(0b528f7ba9071f640925df856bf66205) Importer(815301076,1909f56bfc062723c751e8b465ee728b)  -> (artifact id: '816f52b95e7b47321ca46ea6e6b48476') in 0.002616 seconds
  Import took 0.006215 seconds .

========================================================================
Received Import Request.
  Time since last request: 0.000483 seconds.
  path: Assets/Prefabs
  artifactKey: Guid(0b528f7ba9071f640925df856bf66205) Importer(815301076,1909f56bfc062723c751e8b465ee728b)
Start importing Assets/Prefabs using Guid(0b528f7ba9071f640925df856bf66205) Importer(815301076,1909f56bfc062723c751e8b465ee728b)  -> (artifact id: '816f52b95e7b47321ca46ea6e6b48476') in 0.000813 seconds
  Import took 0.004093 seconds .

